Design parameters:
------------------
t - (v,m,k,l) = 3 - (27,4,6,1)
b = 86

Optimization parameters:
------------------------
TestCount     = 1
CoolingFactor = 0.9990
InitTemp      = 0.600
frozen        = 100
RestrNeighbor = 0
L             = 10836
EndLimit      = 0
local         = 0
apprexp       = 0
OntheFly      = 0
Pack          = 0
log           = cover_cpu_run.log
result        = cover_cpu_run.res
SolX          = 0
verbose       = 0
MemoryLimit   = 0
check         = 1


Runs:
-----
cost          = 235

Statistics:
-----------
bestCost      = 235
CPU-time      = 13.33
