Design parameters:
------------------
t - (v,m,k,l) = 3 - (27,4,6,1)
b = 85

Optimization parameters:
------------------------
TestCount     = 1
CoolingFactor = 0.9999
InitTemp      = 0.600
frozen        = 1000000000
RestrNeighbor = 0
LFact         = 1.00
EndLimit      = 0
local         = 0
TA            = 0
RR            = 1
Threshold     = 6
apprexp       = 0
OntheFly      = 0
Pack          = 0
log           = cover.log
result        = cover.res
SolX          = 0
verbose       = 2
MemoryLimit   = 0
check         = 1

